[WARN] [2024-11-29 11:07:09] PHP CLI is disabled manually, plugin will omit all PHP CLI steps.
[WARN] [2024-11-29 11:07:09] PHP CLI file cannot be executed due to unknown reason.
[STEP] [2024-11-29 11:07:09] Initializing backup...
[INFO] [2024-11-29 11:07:09] Backup & Migration version: 1.4.6
[INFO] [2024-11-29 11:07:09] Site which will be backed up: http://localhost/tqnia-project
[INFO] [2024-11-29 11:07:09] PHP Version: 8.1.25
[INFO] [2024-11-29 11:07:09] WP Version: 6.7.1
[INFO] [2024-11-29 11:07:09] MySQL Version: 10.4.32
[INFO] [2024-11-29 11:07:09] MySQL Max Length: 1048576
[INFO] [2024-11-29 11:07:09] Web server: Apache/2.4.58 (Win64) OpenSSL/3.1.3 PHP/8.1.25
[INFO] [2024-11-29 11:07:09] Max execution time (in seconds): 120
[INFO] [2024-11-29 11:07:09] Memory limit (server): 512M
[INFO] [2024-11-29 11:07:09] Memory limit (wp-config): 40M
[INFO] [2024-11-29 11:07:09] Memory limit (wp-config admin): 512M
[INFO] [2024-11-29 11:07:09] Max rows per query (this site): 2000
[INFO] [2024-11-29 11:07:09] Checking if backup dir is writable...
[INFO] [2024-11-29 11:07:09] Initializing custom error handler
[SUCCESS] [2024-11-29 11:07:09] Yup it is writable...
[STEP] [2024-11-29 11:07:09] Scanning files...
[WARN] [2024-11-29 11:07:16] Removing file from backup (due to exclude rules): C:\xampp\htdocs\Tqnia-project\wp-content\uploads\2024\11\engineer-serv-1.zip
[WARN] [2024-11-29 11:07:16] Removing file from backup (due to exclude rules): C:\xampp\htdocs\Tqnia-project\wp-content\uploads\2024\11\engineer-serv.zip
[WARN] [2024-11-29 11:07:16] Removing file from backup (due to exclude rules): C:\xampp\htdocs\Tqnia-project\wp-content\uploads\2024\11\icons-1.zip
[WARN] [2024-11-29 11:07:16] Removing file from backup (due to exclude rules): C:\xampp\htdocs\Tqnia-project\wp-content\uploads\2024\11\icons-2.zip
[WARN] [2024-11-29 11:07:16] Removing file from backup (due to exclude rules): C:\xampp\htdocs\Tqnia-project\wp-content\uploads\2024\11\icons.zip
[WARN] [2024-11-29 11:07:16] Removing file from backup (due to path rules): C:\xampp\htdocs\Tqnia-project\wp-content\backup-migration-config.php
[INFO] [2024-11-29 11:07:16] Total size of excluded files: 59742 bytes
[VERBOSE] [2024-11-29 11:07:16] Total size of excluded files (bytes): 59742
[STEP] [2024-11-29 11:07:16] Checking free space, reserving...
[INFO] [2024-11-29 11:07:16] Requires at least 204059431 bytes. [194.61 MB]
[INFO] [2024-11-29 11:07:16] Disk free space function is not disabled - using it...
[INFO] [2024-11-29 11:07:16] Checking this path/partition: C:\xampp\htdocs\Tqnia-project\wp-content\backup-migration-OAfkbu4KnG\backups
[SUCCESS] [2024-11-29 11:07:16] There is 18,827.70 MB free. [18.39 GB]
[SUCCESS] [2024-11-29 11:07:16] Great! We have enough space.
[SUCCESS] [2024-11-29 11:07:16] Confirmed, there is more than enough space, checked: 204059431 bytes
[INFO] [2024-11-29 11:07:16] Scanning done - found 5608 files...
[SUCCESS] [2024-11-29 11:07:16] Backup initialized...
[STEP] [2024-11-29 11:07:16] Initializing archiving system...
[SUCCESS] [2024-11-29 11:07:16] Archive system initialized...
[STEP] [2024-11-29 11:07:16] Preparing map of files...
[SUCCESS] [2024-11-29 11:07:16] Files prepared.
[INFO] [2024-11-29 11:07:16] Starting compression process...
[STEP] [2024-11-29 11:07:16] Smart memory calculation...
[INFO] [2024-11-29 11:07:16] There is 512 MBs of memory to use
[INFO] [2024-11-29 11:07:16] WordPress memory limit: 512 MBs
[SUCCESS] [2024-11-29 11:07:16] Setting the safe limit to 57 MB
[INFO] [2024-11-29 11:07:16] ZipArchive is available this process should use ZipArchive
[INFO] [2024-11-29 11:07:16] Legacy setting: Using default modules depending on user server
[STEP] [2024-11-29 11:07:16] Making database backup (using v3 engine, requires at least v1.2.2 to restore)
[INFO] [2024-11-29 11:07:16] Iterating database...
[INFO] [2024-11-29 11:07:16] Memory usage after initialization: 76.59 MB
[VERBOSE] [2024-11-29 11:07:16] Exporting database via zip.php
[INFO] [2024-11-29 11:07:16] Scan found 21 tables (1331 rows), estimated total size: 10.65 MB.
[INFO] [2024-11-29 11:07:16] Memory usage after getting table names: 76.60 MB 
[INFO] [2024-11-29 11:07:16] Getting table recipes...
[INFO] [2024-11-29 11:07:16] Table recipes have been exported.
[INFO] [2024-11-29 11:07:16] Memory usage after loading recipes: 76.62 MB 
[INFO] [2024-11-29 11:07:16] Saving recipes...
[INFO] [2024-11-29 11:07:16] Recipes saved.
[INFO] [2024-11-29 11:07:16] Memory usage after recipe off-load: 76.61 MB
[INFO] [2024-11-29 11:07:16] Exporting table data...
[STEP] [2024-11-29 11:07:16] Getting data of table: wp_commentmeta (1/21, 0.05 MB)
[INFO] [2024-11-29 11:07:16] Table wp_commentmeta is empty, saving only recipe.
[STEP] [2024-11-29 11:07:16] Getting data of table: wp_comments (2/21, 0.09 MB)
[SUCCESS] [2024-11-29 11:07:16] Table export for: wp_comments finished (0.00278s)
[STEP] [2024-11-29 11:07:16] Getting data of table: wp_e_events (3/21, 0.03 MB)
[INFO] [2024-11-29 11:07:16] Table wp_e_events is empty, saving only recipe.
[STEP] [2024-11-29 11:07:16] Getting data of table: wp_e_notes (4/21, 0.19 MB)
[INFO] [2024-11-29 11:07:16] Table wp_e_notes is empty, saving only recipe.
[STEP] [2024-11-29 11:07:16] Getting data of table: wp_e_notes_users_relations (5/21, 0.06 MB)
[INFO] [2024-11-29 11:07:16] Table wp_e_notes_users_relations is empty, saving only recipe.
[STEP] [2024-11-29 11:07:16] Getting data of table: wp_e_submissions (6/21, 0.28 MB)
[INFO] [2024-11-29 11:07:16] Table wp_e_submissions is empty, saving only recipe.
[STEP] [2024-11-29 11:07:16] Getting data of table: wp_e_submissions_actions_log (7/21, 0.13 MB)
[INFO] [2024-11-29 11:07:16] Table wp_e_submissions_actions_log is empty, saving only recipe.
[STEP] [2024-11-29 11:07:16] Getting data of table: wp_e_submissions_values (8/21, 0.05 MB)
[INFO] [2024-11-29 11:07:16] Table wp_e_submissions_values is empty, saving only recipe.
[STEP] [2024-11-29 11:07:16] Getting data of table: wp_links (9/21, 0.03 MB)
[INFO] [2024-11-29 11:07:16] Table wp_links is empty, saving only recipe.
[STEP] [2024-11-29 11:07:16] Getting data of table: wp_litespeed_url (10/21, 0.05 MB)
[INFO] [2024-11-29 11:07:16] Table wp_litespeed_url is empty, saving only recipe.
[STEP] [2024-11-29 11:07:16] Getting data of table: wp_litespeed_url_file (11/21, 0.09 MB)
[INFO] [2024-11-29 11:07:16] Table wp_litespeed_url_file is empty, saving only recipe.
[STEP] [2024-11-29 11:07:16] Getting data of table: wp_options (12/21, 3.14 MB)
[SUCCESS] [2024-11-29 11:07:16] Table export for: wp_options finished (0.04210s)
[STEP] [2024-11-29 11:07:16] Getting data of table: wp_postmeta (13/21, 2.56 MB)
[SUCCESS] [2024-11-29 11:07:16] Table export for: wp_postmeta finished (0.05430s)
[STEP] [2024-11-29 11:07:16] Getting data of table: wp_posts (14/21, 3.53 MB)
[SUCCESS] [2024-11-29 11:07:16] Table export for: wp_posts finished (0.07272s)
[STEP] [2024-11-29 11:07:16] Getting data of table: wp_simply_static_pages (15/21, 0.08 MB)
[SUCCESS] [2024-11-29 11:07:16] Table export for: wp_simply_static_pages finished (0.00533s)
[STEP] [2024-11-29 11:07:16] Getting data of table: wp_term_relationships (16/21, 0.03 MB)
[SUCCESS] [2024-11-29 11:07:16] Table export for: wp_term_relationships finished (0.00273s)
[STEP] [2024-11-29 11:07:16] Getting data of table: wp_term_taxonomy (17/21, 0.05 MB)
[SUCCESS] [2024-11-29 11:07:16] Table export for: wp_term_taxonomy finished (0.00283s)
[STEP] [2024-11-29 11:07:16] Getting data of table: wp_termmeta (18/21, 0.05 MB)
[INFO] [2024-11-29 11:07:16] Table wp_termmeta is empty, saving only recipe.
[STEP] [2024-11-29 11:07:16] Getting data of table: wp_terms (19/21, 0.05 MB)
[SUCCESS] [2024-11-29 11:07:16] Table export for: wp_terms finished (0.00208s)
[STEP] [2024-11-29 11:07:16] Getting data of table: wp_usermeta (20/21, 0.05 MB)
[SUCCESS] [2024-11-29 11:07:16] Table export for: wp_usermeta finished (0.00331s)
[STEP] [2024-11-29 11:07:16] Getting data of table: wp_users (21/21, 0.06 MB)
[SUCCESS] [2024-11-29 11:07:16] Table export for: wp_users finished (0.00268s)
[INFO] [2024-11-29 11:07:16] Table data exported.
[INFO] [2024-11-29 11:07:16] Memory usage after data export: 76.59 MB
[INFO] [2024-11-29 11:07:16] Entire process took: 0.2959 s
[SUCCESS] [2024-11-29 11:07:16] Database backup finished
[STEP] [2024-11-29 11:07:16] Making archive
[INFO] [2024-11-29 11:07:16] Compressing...
[WARN] [2024-11-29 11:07:16] Backup will run as single-request, may be unstable...
[INFO] [2024-11-29 11:07:16] Using ZipArchive extension for this backup process.
[STEP] [2024-11-29 11:07:16] Adding database SQL file(s) to the backup file.
[VERBOSE] [2024-11-29 11:07:16] Database files in total found: 21
[SUCCESS] [2024-11-29 11:07:17] Database added to the backup successfully.
[STEP] [2024-11-29 11:07:17] Performing site files backup...
[INFO] [2024-11-29 11:07:17] Chunks contain 500 files.
[INFO] [2024-11-29 11:07:19] Milestone: 500/5608
[INFO] [2024-11-29 11:07:20] Milestone: 1000/5608
[INFO] [2024-11-29 11:07:22] Milestone: 1500/5608
[INFO] [2024-11-29 11:07:23] Milestone: 2000/5608
[INFO] [2024-11-29 11:07:25] Milestone: 2500/5608
[INFO] [2024-11-29 11:07:27] Milestone: 3000/5608
[INFO] [2024-11-29 11:07:29] Milestone: 3500/5608
[INFO] [2024-11-29 11:07:31] Milestone: 4000/5608
[INFO] [2024-11-29 11:07:33] Milestone: 4500/5608
[INFO] [2024-11-29 11:07:36] Milestone: 5000/5608
[INFO] [2024-11-29 11:07:39] Milestone: 5500/5608
[INFO] [2024-11-29 11:07:41] Milestone: 5608/5608
[SUCCESS] [2024-11-29 11:07:41] Compressed 5608 files
[INFO] [2024-11-29 11:07:41] Archiving of 5608 files took: 24.69s
[STEP] [2024-11-29 11:07:41] Finalizing backup
[INFO] [2024-11-29 11:07:41] Generating manifest file and saving current live-log...
[INFO] [2024-11-29 11:07:42] Adding manifest...
[SUCCESS] [2024-11-29 11:07:45] Manifest file and logs added to the backup. Temporary files removed.
[STEP] [2024-11-29 11:07:45] Closing files and archives
[SUCCESS] [2024-11-29 11:08:00] Cleanup finished, backup complete.
[SUCCESS] [2024-11-29 11:08:00] New backup created and its name is: BM_2024-11-29_11_07_09_WOdMwbYL8sVCj3kD.zip
[END-CODE] [2024-11-29 11:08:00] #001
